<?xml version="1.0" encoding="UTF-8"?>
<testsuite name="com.api.movie.controller.MovieControllerTest" tests="12" skipped="0" failures="0" errors="0" timestamp="2019-05-12T21:13:12" hostname="LTUS53102" time="0.668">
  <properties/>
  <testcase name="deleteMovie" classname="com.api.movie.controller.MovieControllerTest" time="0.246"/>
  <testcase name="getMovieByNameAndYearAndRating" classname="com.api.movie.controller.MovieControllerTest" time="0.181"/>
  <testcase name="getMovieByYearAndRating" classname="com.api.movie.controller.MovieControllerTest" time="0.009"/>
  <testcase name="updateMovie" classname="com.api.movie.controller.MovieControllerTest" time="0.105"/>
  <testcase name="createMovie" classname="com.api.movie.controller.MovieControllerTest" time="0.017"/>
  <testcase name="getMovieByNameAndRating" classname="com.api.movie.controller.MovieControllerTest" time="0.012"/>
  <testcase name="getMovieByNameAndYear" classname="com.api.movie.controller.MovieControllerTest" time="0.013"/>
  <testcase name="getMovies" classname="com.api.movie.controller.MovieControllerTest" time="0.01"/>
  <testcase name="getMovieById" classname="com.api.movie.controller.MovieControllerTest" time="0.014"/>
  <testcase name="getMovieByRating" classname="com.api.movie.controller.MovieControllerTest" time="0.011"/>
  <testcase name="getMovieByName" classname="com.api.movie.controller.MovieControllerTest" time="0.012"/>
  <testcase name="getMovieByYear" classname="com.api.movie.controller.MovieControllerTest" time="0.013"/>
  <system-out><![CDATA[16:13:04.610 [Test worker] DEBUG org.springframework.test.context.junit4.SpringJUnit4ClassRunner - SpringJUnit4ClassRunner constructor called with [class com.api.movie.controller.MovieControllerTest]
16:13:04.626 [Test worker] DEBUG org.springframework.test.context.BootstrapUtils - Instantiating CacheAwareContextLoaderDelegate from class [org.springframework.test.context.cache.DefaultCacheAwareContextLoaderDelegate]
16:13:04.643 [Test worker] DEBUG org.springframework.test.context.BootstrapUtils - Instantiating BootstrapContext using constructor [public org.springframework.test.context.support.DefaultBootstrapContext(java.lang.Class,org.springframework.test.context.CacheAwareContextLoaderDelegate)]
16:13:04.695 [Test worker] DEBUG org.springframework.test.context.BootstrapUtils - Instantiating TestContextBootstrapper for test class [com.api.movie.controller.MovieControllerTest] from class [org.springframework.boot.test.autoconfigure.web.servlet.WebMvcTestContextBootstrapper]
16:13:04.741 [Test worker] INFO org.springframework.boot.test.autoconfigure.web.servlet.WebMvcTestContextBootstrapper - Neither @ContextConfiguration nor @ContextHierarchy found for test class [com.api.movie.controller.MovieControllerTest], using SpringBootContextLoader
16:13:04.747 [Test worker] DEBUG org.springframework.test.context.support.AbstractContextLoader - Did not detect default resource location for test class [com.api.movie.controller.MovieControllerTest]: class path resource [com/api/movie/controller/MovieControllerTest-context.xml] does not exist
16:13:04.748 [Test worker] DEBUG org.springframework.test.context.support.AbstractContextLoader - Did not detect default resource location for test class [com.api.movie.controller.MovieControllerTest]: class path resource [com/api/movie/controller/MovieControllerTestContext.groovy] does not exist
16:13:04.748 [Test worker] INFO org.springframework.test.context.support.AbstractContextLoader - Could not detect default resource locations for test class [com.api.movie.controller.MovieControllerTest]: no resource found for suffixes {-context.xml, Context.groovy}.
16:13:04.749 [Test worker] INFO org.springframework.test.context.support.AnnotationConfigContextLoaderUtils - Could not detect default configuration classes for test class [com.api.movie.controller.MovieControllerTest]: MovieControllerTest does not declare any static, non-private, non-final, nested classes annotated with @Configuration.
16:13:04.915 [Test worker] DEBUG org.springframework.test.context.support.ActiveProfilesUtils - Could not find an 'annotation declaring class' for annotation type [org.springframework.test.context.ActiveProfiles] and class [com.api.movie.controller.MovieControllerTest]
16:13:05.077 [Test worker] DEBUG org.springframework.context.annotation.ClassPathScanningCandidateComponentProvider - Identified candidate component class: file [C:\Santhosh\Workspaces\IDEA Workspace\Project\movie-collection\build\classes\java\main\com\api\movie\MovieCollectionApplication.class]
16:13:05.083 [Test worker] INFO org.springframework.boot.test.context.SpringBootTestContextBootstrapper - Found @SpringBootConfiguration com.api.movie.MovieCollectionApplication for test class com.api.movie.controller.MovieControllerTest
16:13:05.086 [Test worker] DEBUG org.springframework.boot.test.autoconfigure.web.servlet.WebMvcTestContextBootstrapper - @TestExecutionListeners is not present for class [com.api.movie.controller.MovieControllerTest]: using defaults.
16:13:05.088 [Test worker] INFO org.springframework.boot.test.autoconfigure.web.servlet.WebMvcTestContextBootstrapper - Loaded default TestExecutionListener class names from location [META-INF/spring.factories]: [org.springframework.boot.test.autoconfigure.restdocs.RestDocsTestExecutionListener, org.springframework.boot.test.autoconfigure.web.client.MockRestServiceServerResetTestExecutionListener, org.springframework.boot.test.autoconfigure.web.servlet.MockMvcPrintOnlyOnFailureTestExecutionListener, org.springframework.boot.test.autoconfigure.web.servlet.WebDriverTestExecutionListener, org.springframework.boot.test.mock.mockito.MockitoTestExecutionListener, org.springframework.boot.test.mock.mockito.ResetMocksTestExecutionListener, org.springframework.test.context.web.ServletTestExecutionListener, org.springframework.test.context.support.DirtiesContextBeforeModesTestExecutionListener, org.springframework.test.context.support.DependencyInjectionTestExecutionListener, org.springframework.test.context.support.DirtiesContextTestExecutionListener, org.springframework.test.context.transaction.TransactionalTestExecutionListener, org.springframework.test.context.jdbc.SqlScriptsTestExecutionListener]
16:13:05.132 [Test worker] INFO org.springframework.boot.test.autoconfigure.web.servlet.WebMvcTestContextBootstrapper - Using TestExecutionListeners: [org.springframework.test.context.web.ServletTestExecutionListener@40b63b7f, org.springframework.test.context.support.DirtiesContextBeforeModesTestExecutionListener@61477012, org.springframework.boot.test.mock.mockito.MockitoTestExecutionListener@5c024123, org.springframework.boot.test.autoconfigure.SpringBootDependencyInjectionTestExecutionListener@99d20e2, org.springframework.test.context.support.DirtiesContextTestExecutionListener@78819f6d, org.springframework.test.context.transaction.TransactionalTestExecutionListener@229ca78f, org.springframework.test.context.jdbc.SqlScriptsTestExecutionListener@6cd9f1a6, org.springframework.boot.test.autoconfigure.restdocs.RestDocsTestExecutionListener@c2356ef, org.springframework.boot.test.autoconfigure.web.client.MockRestServiceServerResetTestExecutionListener@78addaf1, org.springframework.boot.test.autoconfigure.web.servlet.MockMvcPrintOnlyOnFailureTestExecutionListener@3fcabab4, org.springframework.boot.test.autoconfigure.web.servlet.WebDriverTestExecutionListener@1c3d282a, org.springframework.boot.test.mock.mockito.ResetMocksTestExecutionListener@abf816c]
16:13:05.139 [Test worker] DEBUG org.springframework.test.annotation.ProfileValueUtils - Retrieved @ProfileValueSourceConfiguration [null] for test class [com.api.movie.controller.MovieControllerTest]
16:13:05.140 [Test worker] DEBUG org.springframework.test.annotation.ProfileValueUtils - Retrieved ProfileValueSource type [class org.springframework.test.annotation.SystemProfileValueSource] for class [com.api.movie.controller.MovieControllerTest]
16:13:05.142 [Test worker] DEBUG org.springframework.test.annotation.ProfileValueUtils - Retrieved @ProfileValueSourceConfiguration [null] for test class [com.api.movie.controller.MovieControllerTest]
16:13:05.143 [Test worker] DEBUG org.springframework.test.annotation.ProfileValueUtils - Retrieved ProfileValueSource type [class org.springframework.test.annotation.SystemProfileValueSource] for class [com.api.movie.controller.MovieControllerTest]
16:13:05.157 [Test worker] DEBUG org.springframework.test.context.support.AbstractDirtiesContextTestExecutionListener - Before test class: context [DefaultTestContext@5eb3d298 testClass = MovieControllerTest, testInstance = [null], testMethod = [null], testException = [null], mergedContextConfiguration = [WebMergedContextConfiguration@187d4fb8 testClass = MovieControllerTest, locations = '{}', classes = '{class com.api.movie.MovieCollectionApplication}', contextInitializerClasses = '[]', activeProfiles = '{}', propertySourceLocations = '{}', propertySourceProperties = '{org.springframework.boot.test.autoconfigure.web.servlet.WebMvcTestContextBootstrapper=true}', contextCustomizers = set[org.springframework.boot.test.autoconfigure.OverrideAutoConfigurationContextCustomizerFactory$DisableAutoConfigurationContextCustomizer@18d1e6f, org.springframework.boot.test.autoconfigure.filter.TypeExcludeFiltersContextCustomizer@5cbfa6cb, org.springframework.boot.test.autoconfigure.properties.PropertyMappingContextCustomizer@f0c8e864, org.springframework.boot.test.autoconfigure.web.servlet.WebDriverContextCustomizerFactory$Customizer@36e5702c, [ImportsContextCustomizer@55b0ed81 key = [org.springframework.boot.autoconfigure.cache.CacheAutoConfiguration, org.springframework.boot.autoconfigure.context.MessageSourceAutoConfiguration, org.springframework.boot.autoconfigure.data.web.SpringDataWebAutoConfiguration, org.springframework.boot.autoconfigure.freemarker.FreeMarkerAutoConfiguration, org.springframework.boot.autoconfigure.groovy.template.GroovyTemplateAutoConfiguration, org.springframework.boot.autoconfigure.gson.GsonAutoConfiguration, org.springframework.boot.autoconfigure.hateoas.HypermediaAutoConfiguration, org.springframework.boot.autoconfigure.http.HttpMessageConvertersAutoConfiguration, org.springframework.boot.autoconfigure.jackson.JacksonAutoConfiguration, org.springframework.boot.autoconfigure.jsonb.JsonbAutoConfiguration, org.springframework.boot.autoconfigure.mustache.MustacheAutoConfiguration, org.springframework.boot.autoconfigure.task.TaskExecutionAutoConfiguration, org.springframework.boot.autoconfigure.thymeleaf.ThymeleafAutoConfiguration, org.springframework.boot.autoconfigure.validation.ValidationAutoConfiguration, org.springframework.boot.autoconfigure.web.servlet.error.ErrorMvcAutoConfiguration, org.springframework.boot.autoconfigure.web.servlet.WebMvcAutoConfiguration, org.springframework.boot.test.autoconfigure.web.servlet.MockMvcAutoConfiguration, org.springframework.boot.test.autoconfigure.web.servlet.MockMvcSecurityAutoConfiguration, org.springframework.boot.test.autoconfigure.web.servlet.MockMvcWebClientAutoConfiguration, org.springframework.boot.test.autoconfigure.web.servlet.MockMvcWebDriverAutoConfiguration]], org.springframework.boot.test.context.filter.ExcludeFilterContextCustomizer@7a28d706, org.springframework.boot.test.json.DuplicateJsonObjectContextCustomizerFactory$DuplicateJsonObjectContextCustomizer@5812dea0, org.springframework.boot.test.mock.mockito.MockitoContextCustomizer@df96ccf3], resourceBasePath = '', contextLoader = 'org.springframework.boot.test.context.SpringBootContextLoader', parent = [null]], attributes = map[[empty]]], class annotated with @DirtiesContext [false] with mode [null].
16:13:05.159 [Test worker] DEBUG org.springframework.test.annotation.ProfileValueUtils - Retrieved @ProfileValueSourceConfiguration [null] for test class [com.api.movie.controller.MovieControllerTest]
16:13:05.159 [Test worker] DEBUG org.springframework.test.annotation.ProfileValueUtils - Retrieved ProfileValueSource type [class org.springframework.test.annotation.SystemProfileValueSource] for class [com.api.movie.controller.MovieControllerTest]
16:13:05.483 [Test worker] DEBUG org.springframework.test.context.support.TestPropertySourceUtils - Adding inlined properties to environment: {spring.jmx.enabled=false, org.springframework.boot.test.autoconfigure.web.servlet.WebMvcTestContextBootstrapper=true, server.port=-1}

  .   ____          _            __ _ _
 /\\ / ___'_ __ _ _(_)_ __  __ _ \ \ \ \
( ( )\___ | '_ | '_| | '_ \/ _` | \ \ \ \
 \\/  ___)| |_)| | | | | || (_| |  ) ) ) )
  '  |____| .__|_| |_|_| |_\__, | / / / /
 =========|_|==============|___/=/_/_/_/
 :: Spring Boot ::        (v2.1.4.RELEASE)

2019-05-12 16:13:06.491  INFO 22184 --- [    Test worker] c.a.m.controller.MovieControllerTest     : Starting MovieControllerTest on LTUS53102 with PID 22184 (started by 275469 in C:\Santhosh\Workspaces\IDEA Workspace\Project\movie-collection)
2019-05-12 16:13:06.497  INFO 22184 --- [    Test worker] c.a.m.controller.MovieControllerTest     : No active profile set, falling back to default profiles: default
2019-05-12 16:13:09.653  INFO 22184 --- [    Test worker] trationDelegate$BeanPostProcessorChecker : Bean 'org.springframework.hateoas.config.HateoasConfiguration' of type [org.springframework.hateoas.config.HateoasConfiguration$$EnhancerBySpringCGLIB$$7a6ef040] is not eligible for getting processed by all BeanPostProcessors (for example: not eligible for auto-proxying)
2019-05-12 16:13:11.247  INFO 22184 --- [    Test worker] o.s.s.concurrent.ThreadPoolTaskExecutor  : Initializing ExecutorService 'applicationTaskExecutor'
2019-05-12 16:13:12.219  INFO 22184 --- [    Test worker] o.s.b.t.m.w.SpringBootMockServletContext : Initializing Spring TestDispatcherServlet ''
2019-05-12 16:13:12.220  INFO 22184 --- [    Test worker] o.s.t.web.servlet.TestDispatcherServlet  : Initializing Servlet ''
2019-05-12 16:13:12.269  INFO 22184 --- [    Test worker] o.s.t.web.servlet.TestDispatcherServlet  : Completed initialization in 48 ms
2019-05-12 16:13:12.362  INFO 22184 --- [    Test worker] c.a.m.controller.MovieControllerTest     : Started MovieControllerTest in 6.854 seconds (JVM running for 10.035)
]]></system-out>
  <system-err><![CDATA[]]></system-err>
</testsuite>
